\BOOKMARK [0][-]{section*.2}{\376\377\000L\000i\000s\000t\000\040\000o\000f\000\040\000T\000a\000b\000l\000e\000s}{}% 1
\BOOKMARK [0][-]{section*.3}{\376\377\000L\000i\000s\000t\000\040\000o\000f\000\040\000F\000i\000g\000u\000r\000e\000s}{}% 2
\BOOKMARK [0][-]{section*.4}{\376\377\000L\000i\000s\000t\000\040\000o\000f\000\040\000S\000c\000r\000e\000e\000n\000s\000h\000o\000t\000s}{}% 3
\BOOKMARK [0][-]{chapter*.5}{\376\377\000L\000i\000s\000t\000\040\000o\000f\000\040\000A\000b\000b\000r\000e\000v\000i\000a\000t\000i\000o\000n\000s}{}% 4
\BOOKMARK [0][-]{chapter*.6}{\376\377\000L\000i\000s\000t\000\040\000o\000f\000\040\000D\000e\000f\000i\000n\000i\000t\000i\000o\000n\000s}{}% 5
\BOOKMARK [0][-]{chapter.1}{\376\377\0001\000\040\000I\000n\000t\000r\000o\000d\000u\000c\000t\000i\000o\000n}{}% 6
\BOOKMARK [1][-]{section.1.1}{\376\377\0001\000.\0001\000\040\000P\000r\000o\000j\000e\000c\000t\000\040\000D\000e\000t\000a\000i\000l\000s}{chapter.1}% 7
\BOOKMARK [1][-]{section.1.2}{\376\377\0001\000.\0002\000\040\000P\000u\000r\000p\000o\000s\000e}{chapter.1}% 8
\BOOKMARK [1][-]{section.1.3}{\376\377\0001\000.\0003\000\040\000S\000c\000o\000p\000e}{chapter.1}% 9
\BOOKMARK [1][-]{section.1.4}{\376\377\0001\000.\0004\000\040\000O\000b\000j\000e\000c\000t\000i\000v\000e\000s}{chapter.1}% 10
\BOOKMARK [1][-]{section.1.5}{\376\377\0001\000.\0005\000\040\000T\000e\000c\000h\000n\000o\000l\000o\000g\000y\000\040\000S\000t\000a\000c\000k\000\040\000U\000s\000e\000d}{chapter.1}% 11
\BOOKMARK [1][-]{section.1.6}{\376\377\0001\000.\0006\000\040\000P\000r\000o\000b\000l\000e\000m\000\040\000C\000o\000n\000t\000e\000x\000t\000\040\000a\000n\000d\000\040\000M\000o\000t\000i\000v\000a\000t\000i\000o\000n}{chapter.1}% 12
\BOOKMARK [1][-]{section.1.7}{\376\377\0001\000.\0007\000\040\000L\000i\000t\000e\000r\000a\000t\000u\000r\000e\000\040\000R\000e\000v\000i\000e\000w}{chapter.1}% 13
\BOOKMARK [2][-]{subsection.1.7.1}{\376\377\0001\000.\0007\000.\0001\000\040\000D\000i\000g\000i\000t\000a\000l\000\040\000G\000o\000v\000e\000r\000n\000a\000n\000c\000e\000\040\000a\000n\000d\000\040\000C\000o\000m\000p\000l\000a\000i\000n\000t\000\040\000S\000y\000s\000t\000e\000m\000s}{section.1.7}% 14
\BOOKMARK [2][-]{subsection.1.7.2}{\376\377\0001\000.\0007\000.\0002\000\040\000V\000i\000s\000i\000o\000n\000-\000L\000a\000n\000g\000u\000a\000g\000e\000\040\000M\000o\000d\000e\000l\000s\000\040\000i\000n\000\040\000P\000u\000b\000l\000i\000c\000\040\000W\000o\000r\000k\000f\000l\000o\000w\000s}{section.1.7}% 15
\BOOKMARK [2][-]{subsection.1.7.3}{\376\377\0001\000.\0007\000.\0003\000\040\000L\000o\000c\000a\000l\000\040\000I\000n\000f\000e\000r\000e\000n\000c\000e\000\040\000a\000n\000d\000\040\000P\000r\000i\000v\000a\000c\000y\000\040\000C\000o\000n\000s\000i\000d\000e\000r\000a\000t\000i\000o\000n\000s}{section.1.7}% 16
\BOOKMARK [2][-]{subsection.1.7.4}{\376\377\0001\000.\0007\000.\0004\000\040\000H\000y\000b\000r\000i\000d\000\040\000D\000e\000t\000e\000r\000m\000i\000n\000i\000s\000t\000i\000c\000\040\000+\000\040\000A\000I\000\040\000P\000i\000p\000e\000l\000i\000n\000e\000s}{section.1.7}% 17
\BOOKMARK [2][-]{subsection.1.7.5}{\376\377\0001\000.\0007\000.\0005\000\040\000G\000o\000v\000e\000r\000n\000a\000n\000c\000e\000,\000\040\000E\000x\000p\000l\000a\000i\000n\000a\000b\000i\000l\000i\000t\000y\000,\000\040\000a\000n\000d\000\040\000A\000u\000d\000i\000t\000a\000b\000i\000l\000i\000t\000y}{section.1.7}% 18
\BOOKMARK [2][-]{subsection.1.7.6}{\376\377\0001\000.\0007\000.\0006\000\040\000S\000y\000s\000t\000e\000m\000\040\000C\000o\000m\000p\000a\000r\000i\000s\000o\000n}{section.1.7}% 19
\BOOKMARK [1][-]{section.1.8}{\376\377\0001\000.\0008\000\040\000C\000h\000a\000p\000t\000e\000r\000\040\000S\000u\000m\000m\000a\000r\000y}{chapter.1}% 20
\BOOKMARK [0][-]{chapter.2}{\376\377\0002\000\040\000P\000r\000o\000j\000e\000c\000t\000\040\000M\000a\000n\000a\000g\000e\000m\000e\000n\000t}{}% 21
\BOOKMARK [1][-]{section.2.1}{\376\377\0002\000.\0001\000\040\000P\000r\000o\000j\000e\000c\000t\000\040\000P\000l\000a\000n\000n\000i\000n\000g}{chapter.2}% 22
\BOOKMARK [2][-]{subsection.2.1.1}{\376\377\0002\000.\0001\000.\0001\000\040\000D\000e\000v\000e\000l\000o\000p\000m\000e\000n\000t\000\040\000A\000p\000p\000r\000o\000a\000c\000h\000\040\000a\000n\000d\000\040\000J\000u\000s\000t\000i\000f\000i\000c\000a\000t\000i\000o\000n}{section.2.1}% 23
\BOOKMARK [2][-]{subsection.2.1.2}{\376\377\0002\000.\0001\000.\0002\000\040\000G\000r\000o\000u\000p\000\040\000R\000o\000l\000e\000s\000\040\000a\000n\000d\000\040\000R\000e\000s\000p\000o\000n\000s\000i\000b\000i\000l\000i\000t\000i\000e\000s}{section.2.1}% 24
\BOOKMARK [2][-]{subsection.2.1.3}{\376\377\0002\000.\0001\000.\0003\000\040\000G\000r\000o\000u\000p\000\040\000D\000e\000p\000e\000n\000d\000e\000n\000c\000i\000e\000s}{section.2.1}% 25
\BOOKMARK [1][-]{section.2.2}{\376\377\0002\000.\0002\000\040\000P\000r\000o\000j\000e\000c\000t\000\040\000S\000c\000h\000e\000d\000u\000l\000i\000n\000g\000\040\000\050\000G\000a\000n\000t\000t\000\040\000C\000h\000a\000r\000t\000\051}{chapter.2}% 26
\BOOKMARK [1][-]{section.2.3}{\376\377\0002\000.\0003\000\040\000R\000i\000s\000k\000\040\000M\000a\000n\000a\000g\000e\000m\000e\000n\000t}{chapter.2}% 27
\BOOKMARK [1][-]{section.2.4}{\376\377\0002\000.\0004\000\040\000M\000a\000n\000a\000g\000e\000m\000e\000n\000t\000\040\000O\000u\000t\000c\000o\000m\000e\000s}{chapter.2}% 28
\BOOKMARK [1][-]{section.2.5}{\376\377\0002\000.\0005\000\040\000C\000h\000a\000p\000t\000e\000r\000\040\000S\000u\000m\000m\000a\000r\000y}{chapter.2}% 29
\BOOKMARK [0][-]{chapter.3}{\376\377\0003\000\040\000S\000y\000s\000t\000e\000m\000\040\000R\000e\000q\000u\000i\000r\000e\000m\000e\000n\000t\000\040\000S\000t\000u\000d\000y}{}% 30
\BOOKMARK [1][-]{section.3.1}{\376\377\0003\000.\0001\000\040\000E\000x\000i\000s\000t\000i\000n\000g\000\040\000S\000y\000s\000t\000e\000m\000\040\000O\000v\000e\000r\000v\000i\000e\000w}{chapter.3}% 31
\BOOKMARK [1][-]{section.3.2}{\376\377\0003\000.\0002\000\040\000L\000i\000m\000i\000t\000a\000t\000i\000o\000n\000s\000\040\000o\000f\000\040\000t\000h\000e\000\040\000E\000x\000i\000s\000t\000i\000n\000g\000\040\000S\000y\000s\000t\000e\000m}{chapter.3}% 32
\BOOKMARK [1][-]{section.3.3}{\376\377\0003\000.\0003\000\040\000U\000s\000e\000r\000\040\000C\000h\000a\000r\000a\000c\000t\000e\000r\000i\000s\000t\000i\000c\000s}{chapter.3}% 33
\BOOKMARK [1][-]{section.3.4}{\376\377\0003\000.\0004\000\040\000F\000u\000n\000c\000t\000i\000o\000n\000a\000l\000\040\000R\000e\000q\000u\000i\000r\000e\000m\000e\000n\000t\000s}{chapter.3}% 34
\BOOKMARK [1][-]{section.3.5}{\376\377\0003\000.\0005\000\040\000N\000o\000n\000-\000F\000u\000n\000c\000t\000i\000o\000n\000a\000l\000\040\000R\000e\000q\000u\000i\000r\000e\000m\000e\000n\000t\000s}{chapter.3}% 35
\BOOKMARK [1][-]{section.3.6}{\376\377\0003\000.\0006\000\040\000H\000a\000r\000d\000w\000a\000r\000e\000\040\000a\000n\000d\000\040\000S\000o\000f\000t\000w\000a\000r\000e\000\040\000R\000e\000q\000u\000i\000r\000e\000m\000e\000n\000t\000s}{chapter.3}% 36
\BOOKMARK [2][-]{subsection.3.6.1}{\376\377\0003\000.\0006\000.\0001\000\040\000H\000a\000r\000d\000w\000a\000r\000e\000\040\000R\000e\000q\000u\000i\000r\000e\000m\000e\000n\000t\000s}{section.3.6}% 37
\BOOKMARK [2][-]{subsection.3.6.2}{\376\377\0003\000.\0006\000.\0002\000\040\000S\000o\000f\000t\000w\000a\000r\000e\000\040\000R\000e\000q\000u\000i\000r\000e\000m\000e\000n\000t\000s}{section.3.6}% 38
\BOOKMARK [1][-]{section.3.7}{\376\377\0003\000.\0007\000\040\000C\000o\000n\000s\000t\000r\000a\000i\000n\000t\000s}{chapter.3}% 39
\BOOKMARK [2][-]{subsection.3.7.1}{\376\377\0003\000.\0007\000.\0001\000\040\000S\000y\000s\000t\000e\000m\000\040\000C\000o\000n\000s\000t\000r\000a\000i\000n\000t\000s\000\040\000a\000n\000d\000\040\000S\000e\000c\000u\000r\000i\000t\000y}{section.3.7}% 40
\BOOKMARK [1][-]{section.3.8}{\376\377\0003\000.\0008\000\040\000C\000h\000a\000p\000t\000e\000r\000\040\000S\000u\000m\000m\000a\000r\000y}{chapter.3}% 41
\BOOKMARK [0][-]{chapter.4}{\376\377\0004\000\040\000P\000r\000o\000p\000o\000s\000e\000d\000\040\000S\000y\000s\000t\000e\000m\000\040\000R\000e\000q\000u\000i\000r\000e\000m\000e\000n\000t\000s}{}% 42
\BOOKMARK [1][-]{section.4.1}{\376\377\0004\000.\0001\000\040\000O\000v\000e\000r\000v\000i\000e\000w\000\040\000o\000f\000\040\000P\000r\000o\000p\000o\000s\000e\000d\000\040\000S\000y\000s\000t\000e\000m}{chapter.4}% 43
\BOOKMARK [1][-]{section.4.2}{\376\377\0004\000.\0002\000\040\000M\000o\000d\000u\000l\000e\000\040\000D\000e\000s\000c\000r\000i\000p\000t\000i\000o\000n\000s}{chapter.4}% 44
\BOOKMARK [2][-]{subsection.4.2.1}{\376\377\0004\000.\0002\000.\0001\000\040\000A\000u\000t\000h\000e\000n\000t\000i\000c\000a\000t\000i\000o\000n\000\040\000a\000n\000d\000\040\000U\000s\000e\000r\000\040\000M\000a\000n\000a\000g\000e\000m\000e\000n\000t\000\040\000M\000o\000d\000u\000l\000e}{section.4.2}% 45
\BOOKMARK [2][-]{subsection.4.2.2}{\376\377\0004\000.\0002\000.\0002\000\040\000A\000n\000a\000l\000y\000z\000e\000\040\000a\000n\000d\000\040\000C\000o\000m\000p\000l\000a\000i\000n\000t\000\040\000I\000n\000t\000a\000k\000e\000\040\000M\000o\000d\000u\000l\000e}{section.4.2}% 46
\BOOKMARK [2][-]{subsection.4.2.3}{\376\377\0004\000.\0002\000.\0003\000\040\000C\000o\000m\000p\000l\000a\000i\000n\000t\000\040\000L\000i\000f\000e\000c\000y\000c\000l\000e\000\040\000M\000o\000d\000u\000l\000e}{section.4.2}% 47
\BOOKMARK [2][-]{subsection.4.2.4}{\376\377\0004\000.\0002\000.\0004\000\040\000A\000s\000s\000i\000g\000n\000m\000e\000n\000t\000\040\000a\000n\000d\000\040\000W\000o\000r\000k\000e\000r\000\040\000O\000p\000e\000r\000a\000t\000i\000o\000n\000s\000\040\000M\000o\000d\000u\000l\000e}{section.4.2}% 48
\BOOKMARK [2][-]{subsection.4.2.5}{\376\377\0004\000.\0002\000.\0005\000\040\000N\000o\000t\000i\000f\000i\000c\000a\000t\000i\000o\000n\000\040\000a\000n\000d\000\040\000C\000o\000m\000m\000u\000n\000i\000c\000a\000t\000i\000o\000n\000\040\000M\000o\000d\000u\000l\000e}{section.4.2}% 49
\BOOKMARK [2][-]{subsection.4.2.6}{\376\377\0004\000.\0002\000.\0006\000\040\000T\000r\000i\000a\000g\000e\000\040\000a\000n\000d\000\040\000G\000o\000v\000e\000r\000n\000a\000n\000c\000e\000\040\000M\000o\000d\000u\000l\000e}{section.4.2}% 50
\BOOKMARK [2][-]{subsection.4.2.7}{\376\377\0004\000.\0002\000.\0007\000\040\000A\000n\000a\000l\000y\000t\000i\000c\000s\000\040\000a\000n\000d\000\040\000P\000u\000b\000l\000i\000c\000\040\000T\000r\000a\000n\000s\000p\000a\000r\000e\000n\000c\000y\000\040\000M\000o\000d\000u\000l\000e}{section.4.2}% 51
\BOOKMARK [1][-]{section.4.3}{\376\377\0004\000.\0003\000\040\000S\000y\000s\000t\000e\000m\000\040\000F\000e\000a\000t\000u\000r\000e\000s}{chapter.4}% 52
\BOOKMARK [1][-]{section.4.4}{\376\377\0004\000.\0004\000\040\000A\000d\000v\000a\000n\000t\000a\000g\000e\000s\000\040\000o\000f\000\040\000P\000r\000o\000p\000o\000s\000e\000d\000\040\000S\000y\000s\000t\000e\000m}{chapter.4}% 53
\BOOKMARK [2][-]{subsection.4.4.1}{\376\377\0004\000.\0004\000.\0001\000\040\000C\000i\000t\000i\000z\000e\000n\000-\000C\000e\000n\000t\000r\000i\000c\000\040\000A\000d\000v\000a\000n\000t\000a\000g\000e\000s}{section.4.4}% 54
\BOOKMARK [2][-]{subsection.4.4.2}{\376\377\0004\000.\0004\000.\0002\000\040\000A\000d\000m\000i\000n\000i\000s\000t\000r\000a\000t\000i\000v\000e\000\040\000a\000n\000d\000\040\000D\000e\000p\000a\000r\000t\000m\000e\000n\000t\000a\000l\000\040\000A\000d\000v\000a\000n\000t\000a\000g\000e\000s}{section.4.4}% 55
\BOOKMARK [2][-]{subsection.4.4.3}{\376\377\0004\000.\0004\000.\0003\000\040\000I\000n\000s\000t\000i\000t\000u\000t\000i\000o\000n\000a\000l\000\040\000A\000d\000v\000a\000n\000t\000a\000g\000e\000s}{section.4.4}% 56
\BOOKMARK [1][-]{section.4.5}{\376\377\0004\000.\0005\000\040\000R\000e\000q\000u\000i\000r\000e\000m\000e\000n\000t\000\040\000R\000e\000a\000l\000i\000z\000a\000t\000i\000o\000n\000\040\000M\000a\000t\000r\000i\000x}{chapter.4}% 57
\BOOKMARK [1][-]{section.4.6}{\376\377\0004\000.\0006\000\040\000P\000r\000o\000p\000o\000s\000e\000d\000\040\000O\000p\000e\000r\000a\000t\000i\000o\000n\000a\000l\000\040\000W\000o\000r\000k\000f\000l\000o\000w}{chapter.4}% 58
\BOOKMARK [1][-]{section.4.7}{\376\377\0004\000.\0007\000\040\000E\000x\000p\000e\000c\000t\000e\000d\000\040\000I\000m\000p\000a\000c\000t}{chapter.4}% 59
\BOOKMARK [1][-]{section.4.8}{\376\377\0004\000.\0008\000\040\000M\000o\000d\000u\000l\000e\000\040\000I\000n\000t\000e\000r\000a\000c\000t\000i\000o\000n\000\040\000C\000o\000n\000t\000r\000a\000c\000t\000s}{chapter.4}% 60
\BOOKMARK [1][-]{section.4.9}{\376\377\0004\000.\0009\000\040\000R\000e\000q\000u\000i\000r\000e\000m\000e\000n\000t\000\040\000R\000e\000a\000l\000i\000z\000a\000t\000i\000o\000n\000\040\000D\000e\000t\000a\000i\000l\000\040\000b\000y\000\040\000P\000e\000r\000s\000o\000n\000a}{chapter.4}% 61
\BOOKMARK [1][-]{section.4.10}{\376\377\0004\000.\0001\0000\000\040\000P\000r\000o\000p\000o\000s\000e\000d\000\040\000D\000a\000t\000a\000\040\000a\000n\000d\000\040\000C\000o\000n\000t\000r\000o\000l\000\040\000F\000l\000o\000w\000\040\000N\000a\000r\000r\000a\000t\000i\000v\000e}{chapter.4}% 62
\BOOKMARK [1][-]{section.4.11}{\376\377\0004\000.\0001\0001\000\040\000C\000h\000a\000p\000t\000e\000r\000\040\000S\000u\000m\000m\000a\000r\000y}{chapter.4}% 63
\BOOKMARK [0][-]{chapter.5}{\376\377\0005\000\040\000S\000y\000s\000t\000e\000m\000\040\000A\000r\000c\000h\000i\000t\000e\000c\000t\000u\000r\000e\000\040\000a\000n\000d\000\040\000D\000e\000s\000i\000g\000n}{}% 64
\BOOKMARK [1][-]{section.5.1}{\376\377\0005\000.\0001\000\040\000S\000y\000s\000t\000e\000m\000\040\000A\000r\000c\000h\000i\000t\000e\000c\000t\000u\000r\000e}{chapter.5}% 65
\BOOKMARK [2][-]{subsection.5.1.1}{\376\377\0005\000.\0001\000.\0001\000\040\000O\000v\000e\000r\000a\000l\000l\000\040\000S\000y\000s\000t\000e\000m\000\040\000C\000o\000n\000t\000e\000x\000t}{section.5.1}% 66
\BOOKMARK [2][-]{subsection.5.1.2}{\376\377\0005\000.\0001\000.\0002\000\040\000A\000I\000\040\000C\000l\000a\000s\000s\000i\000f\000i\000c\000a\000t\000i\000o\000n\000\040\000P\000i\000p\000e\000l\000i\000n\000e}{section.5.1}% 67
\BOOKMARK [1][-]{section.5.2}{\376\377\0005\000.\0002\000\040\000U\000M\000L\000\040\000D\000e\000s\000i\000g\000n}{chapter.5}% 68
\BOOKMARK [2][-]{subsection.5.2.1}{\376\377\0005\000.\0002\000.\0001\000\040\000E\000-\000R\000\040\000D\000i\000a\000g\000r\000a\000m}{section.5.2}% 69
\BOOKMARK [2][-]{subsection.5.2.2}{\376\377\0005\000.\0002\000.\0002\000\040\000U\000s\000e\000\040\000C\000a\000s\000e\000\040\000D\000i\000a\000g\000r\000a\000m}{section.5.2}% 70
\BOOKMARK [2][-]{subsection.5.2.3}{\376\377\0005\000.\0002\000.\0003\000\040\000C\000l\000a\000s\000s\000\040\000D\000i\000a\000g\000r\000a\000m}{section.5.2}% 71
\BOOKMARK [2][-]{subsection.5.2.4}{\376\377\0005\000.\0002\000.\0004\000\040\000S\000e\000q\000u\000e\000n\000c\000e\000\040\000D\000i\000a\000g\000r\000a\000m}{section.5.2}% 72
\BOOKMARK [2][-]{subsection.5.2.5}{\376\377\0005\000.\0002\000.\0005\000\040\000A\000c\000t\000i\000v\000i\000t\000y\000\040\000D\000i\000a\000g\000r\000a\000m}{section.5.2}% 73
\BOOKMARK [2][-]{subsection.5.2.6}{\376\377\0005\000.\0002\000.\0006\000\040\000D\000e\000p\000l\000o\000y\000m\000e\000n\000t\000\040\000D\000i\000a\000g\000r\000a\000m}{section.5.2}% 74
\BOOKMARK [1][-]{section.5.3}{\376\377\0005\000.\0003\000\040\000D\000a\000t\000a\000b\000a\000s\000e\000\040\000D\000e\000s\000i\000g\000n}{chapter.5}% 75
\BOOKMARK [2][-]{subsection.5.3.1}{\376\377\0005\000.\0003\000.\0001\000\040\000T\000a\000b\000l\000e\000\040\000D\000e\000s\000i\000g\000n\000\040\000a\000n\000d\000\040\000R\000e\000l\000a\000t\000i\000o\000n\000s\000h\000i\000p\000s}{section.5.3}% 76
\BOOKMARK [2][-]{subsection.5.3.2}{\376\377\0005\000.\0003\000.\0002\000\040\000N\000o\000r\000m\000a\000l\000i\000z\000a\000t\000i\000o\000n}{section.5.3}% 77
\BOOKMARK [2][-]{subsection.5.3.3}{\376\377\0005\000.\0003\000.\0003\000\040\000I\000n\000d\000e\000x\000i\000n\000g\000\040\000S\000t\000r\000a\000t\000e\000g\000y}{section.5.3}% 78
\BOOKMARK [1][-]{section.5.4}{\376\377\0005\000.\0004\000\040\000G\000U\000I\000\040\000D\000e\000s\000i\000g\000n}{chapter.5}% 79
\BOOKMARK [2][-]{subsection.5.4.1}{\376\377\0005\000.\0004\000.\0001\000\040\000D\000e\000s\000i\000g\000n\000\040\000P\000r\000i\000n\000c\000i\000p\000l\000e\000s}{section.5.4}% 80
\BOOKMARK [2][-]{subsection.5.4.2}{\376\377\0005\000.\0004\000.\0002\000\040\000I\000n\000t\000e\000r\000f\000a\000c\000e\000\040\000A\000r\000e\000a\000s}{section.5.4}% 81
\BOOKMARK [2][-]{subsection.5.4.3}{\376\377\0005\000.\0004\000.\0003\000\040\000W\000i\000r\000e\000f\000r\000a\000m\000e\000\040\000R\000e\000f\000e\000r\000e\000n\000c\000e}{section.5.4}% 82
\BOOKMARK [1][-]{section.5.5}{\376\377\0005\000.\0005\000\040\000S\000c\000r\000e\000e\000n\000s\000h\000o\000t\000s}{chapter.5}% 83
\BOOKMARK [1][-]{section.5.6}{\376\377\0005\000.\0006\000\040\000C\000h\000a\000p\000t\000e\000r\000\040\000S\000u\000m\000m\000a\000r\000y}{chapter.5}% 84
\BOOKMARK [0][-]{chapter.6}{\376\377\0006\000\040\000I\000m\000p\000l\000e\000m\000e\000n\000t\000a\000t\000i\000o\000n\000\040\000P\000l\000a\000n\000n\000i\000n\000g}{}% 85
\BOOKMARK [1][-]{section.6.1}{\376\377\0006\000.\0001\000\040\000I\000m\000p\000l\000e\000m\000e\000n\000t\000a\000t\000i\000o\000n\000\040\000E\000n\000v\000i\000r\000o\000n\000m\000e\000n\000t}{chapter.6}% 86
\BOOKMARK [2][-]{subsection.6.1.1}{\376\377\0006\000.\0001\000.\0001\000\040\000L\000o\000c\000a\000l\000\040\000D\000e\000v\000e\000l\000o\000p\000m\000e\000n\000t\000\040\000E\000n\000v\000i\000r\000o\000n\000m\000e\000n\000t}{section.6.1}% 87
\BOOKMARK [2][-]{subsection.6.1.2}{\376\377\0006\000.\0001\000.\0002\000\040\000P\000r\000o\000d\000u\000c\000t\000i\000o\000n\000-\000S\000t\000y\000l\000e\000\040\000C\000o\000n\000t\000a\000i\000n\000e\000r\000\040\000E\000n\000v\000i\000r\000o\000n\000m\000e\000n\000t}{section.6.1}% 88
\BOOKMARK [1][-]{section.6.2}{\376\377\0006\000.\0002\000\040\000T\000o\000o\000l\000s\000\040\000\046\000\040\000T\000e\000c\000h\000n\000o\000l\000o\000g\000i\000e\000s\000\040\000U\000s\000e\000d}{chapter.6}% 89
\BOOKMARK [1][-]{section.6.3}{\376\377\0006\000.\0003\000\040\000K\000e\000y\000\040\000I\000m\000p\000l\000e\000m\000e\000n\000t\000a\000t\000i\000o\000n\000\040\000P\000a\000t\000t\000e\000r\000n\000s}{chapter.6}% 90
\BOOKMARK [2][-]{subsection.6.3.1}{\376\377\0006\000.\0003\000.\0001\000\040\000U\000p\000l\000o\000a\000d\000\040\000V\000a\000l\000i\000d\000a\000t\000i\000o\000n\000\040\000C\000h\000a\000i\000n}{section.6.3}% 91
\BOOKMARK [2][-]{subsection.6.3.2}{\376\377\0006\000.\0003\000.\0002\000\040\000C\000l\000a\000s\000s\000i\000f\000i\000e\000r\000\040\000C\000o\000n\000f\000i\000d\000e\000n\000c\000e\000\040\000T\000h\000r\000e\000s\000h\000o\000l\000d\000i\000n\000g}{section.6.3}% 92
\BOOKMARK [2][-]{subsection.6.3.3}{\376\377\0006\000.\0003\000.\0003\000\040\000F\000r\000o\000n\000t\000e\000n\000d\000\040\000R\000o\000u\000t\000e\000\040\000G\000u\000a\000r\000d}{section.6.3}% 93
\BOOKMARK [1][-]{section.6.4}{\376\377\0006\000.\0004\000\040\000C\000o\000d\000i\000n\000g\000\040\000S\000t\000a\000n\000d\000a\000r\000d\000s\000\040\000F\000o\000l\000l\000o\000w\000e\000d}{chapter.6}% 94
\BOOKMARK [1][-]{section.6.5}{\376\377\0006\000.\0005\000\040\000I\000m\000p\000l\000e\000m\000e\000n\000t\000a\000t\000i\000o\000n\000\040\000W\000o\000r\000k\000\040\000P\000a\000c\000k\000a\000g\000e\000s}{chapter.6}% 95
\BOOKMARK [1][-]{section.6.6}{\376\377\0006\000.\0006\000\040\000I\000m\000p\000l\000e\000m\000e\000n\000t\000a\000t\000i\000o\000n\000\040\000S\000e\000q\000u\000e\000n\000c\000e\000\040\000a\000n\000d\000\040\000D\000e\000p\000e\000n\000d\000e\000n\000c\000i\000e\000s}{chapter.6}% 96
\BOOKMARK [1][-]{section.6.7}{\376\377\0006\000.\0007\000\040\000C\000o\000n\000f\000i\000g\000u\000r\000a\000t\000i\000o\000n\000\040\000a\000n\000d\000\040\000S\000e\000c\000r\000e\000t\000\040\000P\000l\000a\000n\000n\000i\000n\000g}{chapter.6}% 97
\BOOKMARK [1][-]{section.6.8}{\376\377\0006\000.\0008\000\040\000Q\000u\000a\000l\000i\000t\000y\000\040\000G\000a\000t\000e\000s\000\040\000i\000n\000\040\000I\000m\000p\000l\000e\000m\000e\000n\000t\000a\000t\000i\000o\000n\000\040\000P\000l\000a\000n}{chapter.6}% 98
\BOOKMARK [1][-]{section.6.9}{\376\377\0006\000.\0009\000\040\000R\000e\000s\000o\000u\000r\000c\000e\000\040\000a\000n\000d\000\040\000E\000f\000f\000o\000r\000t\000\040\000P\000l\000a\000n\000n\000i\000n\000g}{chapter.6}% 99
\BOOKMARK [1][-]{section.6.10}{\376\377\0006\000.\0001\0000\000\040\000D\000e\000t\000a\000i\000l\000e\000d\000\040\000M\000o\000d\000u\000l\000e\000\040\000I\000m\000p\000l\000e\000m\000e\000n\000t\000a\000t\000i\000o\000n\000\040\000N\000o\000t\000e\000s}{chapter.6}% 100
\BOOKMARK [2][-]{subsection.6.10.1}{\376\377\0006\000.\0001\0000\000.\0001\000\040\000B\000a\000c\000k\000e\000n\000d\000\040\000R\000o\000u\000t\000e\000r\000\040\000I\000m\000p\000l\000e\000m\000e\000n\000t\000a\000t\000i\000o\000n\000\040\000N\000o\000t\000e\000s}{section.6.10}% 101
\BOOKMARK [2][-]{subsection.6.10.2}{\376\377\0006\000.\0001\0000\000.\0002\000\040\000S\000e\000r\000v\000i\000c\000e\000-\000L\000a\000y\000e\000r\000\040\000P\000l\000a\000n\000n\000i\000n\000g\000\040\000N\000o\000t\000e\000s}{section.6.10}% 102
\BOOKMARK [1][-]{section.6.11}{\376\377\0006\000.\0001\0001\000\040\000O\000p\000e\000r\000a\000t\000i\000o\000n\000a\000l\000\040\000M\000o\000n\000i\000t\000o\000r\000i\000n\000g\000\040\000P\000l\000a\000n}{chapter.6}% 103
\BOOKMARK [1][-]{section.6.12}{\376\377\0006\000.\0001\0002\000\040\000C\000h\000a\000n\000g\000e\000\040\000M\000a\000n\000a\000g\000e\000m\000e\000n\000t\000\040\000a\000n\000d\000\040\000R\000e\000l\000e\000a\000s\000e\000\040\000S\000t\000r\000a\000t\000e\000g\000y}{chapter.6}% 104
\BOOKMARK [2][-]{subsection.6.12.1}{\376\377\0006\000.\0001\0002\000.\0001\000\040\000R\000e\000l\000e\000a\000s\000e\000\040\000C\000h\000e\000c\000k\000l\000i\000s\000t}{section.6.12}% 105
\BOOKMARK [2][-]{subsection.6.12.2}{\376\377\0006\000.\0001\0002\000.\0002\000\040\000I\000m\000p\000l\000e\000m\000e\000n\000t\000a\000t\000i\000o\000n\000\040\000L\000e\000a\000r\000n\000i\000n\000g\000s}{section.6.12}% 106
\BOOKMARK [1][-]{section.6.13}{\376\377\0006\000.\0001\0003\000\040\000C\000h\000a\000p\000t\000e\000r\000\040\000S\000u\000m\000m\000a\000r\000y}{chapter.6}% 107
\BOOKMARK [0][-]{chapter.7}{\376\377\0007\000\040\000T\000e\000s\000t\000i\000n\000g}{}% 108
\BOOKMARK [1][-]{section.7.1}{\376\377\0007\000.\0001\000\040\000T\000e\000s\000t\000i\000n\000g\000\040\000P\000l\000a\000n}{chapter.7}% 109
\BOOKMARK [2][-]{subsection.7.1.1}{\376\377\0007\000.\0001\000.\0001\000\040\000T\000e\000s\000t\000i\000n\000g\000\040\000O\000b\000j\000e\000c\000t\000i\000v\000e\000s}{section.7.1}% 110
\BOOKMARK [2][-]{subsection.7.1.2}{\376\377\0007\000.\0001\000.\0002\000\040\000T\000e\000s\000t\000\040\000E\000n\000v\000i\000r\000o\000n\000m\000e\000n\000t}{section.7.1}% 111
\BOOKMARK [2][-]{subsection.7.1.3}{\376\377\0007\000.\0001\000.\0003\000\040\000C\000o\000v\000e\000r\000a\000g\000e\000\040\000M\000a\000t\000r\000i\000x}{section.7.1}% 112
\BOOKMARK [1][-]{section.7.2}{\376\377\0007\000.\0002\000\040\000T\000y\000p\000e\000s\000\040\000o\000f\000\040\000T\000e\000s\000t\000i\000n\000g}{chapter.7}% 113
\BOOKMARK [2][-]{subsection.7.2.1}{\376\377\0007\000.\0002\000.\0001\000\040\000U\000n\000i\000t\000\040\000T\000e\000s\000t\000i\000n\000g}{section.7.2}% 114
\BOOKMARK [2][-]{subsection.7.2.2}{\376\377\0007\000.\0002\000.\0002\000\040\000I\000n\000t\000e\000g\000r\000a\000t\000i\000o\000n\000\040\000T\000e\000s\000t\000i\000n\000g}{section.7.2}% 115
\BOOKMARK [2][-]{subsection.7.2.3}{\376\377\0007\000.\0002\000.\0003\000\040\000S\000y\000s\000t\000e\000m\000\040\000T\000e\000s\000t\000i\000n\000g}{section.7.2}% 116
\BOOKMARK [2][-]{subsection.7.2.4}{\376\377\0007\000.\0002\000.\0004\000\040\000U\000s\000e\000r\000\040\000A\000c\000c\000e\000p\000t\000a\000n\000c\000e\000\040\000T\000e\000s\000t\000i\000n\000g\000\040\000\050\000U\000A\000T\000\051}{section.7.2}% 117
\BOOKMARK [2][-]{subsection.7.2.5}{\376\377\0007\000.\0002\000.\0005\000\040\000P\000e\000r\000f\000o\000r\000m\000a\000n\000c\000e\000\040\000a\000n\000d\000\040\000L\000o\000a\000d\000\040\000S\000L\000A\000\040\000M\000e\000t\000r\000i\000c\000s}{section.7.2}% 118
\BOOKMARK [1][-]{section.7.3}{\376\377\0007\000.\0003\000\040\000T\000e\000s\000t\000i\000n\000g\000\040\000T\000e\000c\000h\000n\000i\000q\000u\000e\000s}{chapter.7}% 119
\BOOKMARK [2][-]{subsection.7.3.1}{\376\377\0007\000.\0003\000.\0001\000\040\000S\000y\000s\000t\000e\000m\000\040\000E\000v\000a\000l\000u\000a\000t\000i\000o\000n\000\040\000M\000e\000t\000r\000i\000c\000s}{section.7.3}% 120
\BOOKMARK [1][-]{section.7.4}{\376\377\0007\000.\0004\000\040\000T\000e\000s\000t\000i\000n\000g\000\040\000O\000u\000t\000c\000o\000m\000e\000s}{chapter.7}% 121
\BOOKMARK [1][-]{section.7.5}{\376\377\0007\000.\0005\000\040\000R\000e\000s\000i\000d\000u\000a\000l\000\040\000R\000i\000s\000k\000s\000\040\000a\000n\000d\000\040\000T\000e\000s\000t\000\040\000G\000a\000p\000s}{chapter.7}% 122
\BOOKMARK [1][-]{section.7.6}{\376\377\0007\000.\0006\000\040\000D\000e\000t\000a\000i\000l\000e\000d\000\040\000U\000A\000T\000\040\000C\000a\000s\000e\000\040\000M\000a\000t\000r\000i\000x}{chapter.7}% 123
\BOOKMARK [1][-]{section.7.7}{\376\377\0007\000.\0007\000\040\000L\000o\000a\000d\000\040\000B\000e\000n\000c\000h\000m\000a\000r\000k\000\040\000P\000r\000o\000f\000i\000l\000e\000s\000\040\000a\000n\000d\000\040\000A\000c\000c\000e\000p\000t\000a\000n\000c\000e\000\040\000R\000u\000b\000r\000i\000c}{chapter.7}% 124
\BOOKMARK [1][-]{section.7.8}{\376\377\0007\000.\0008\000\040\000S\000e\000c\000u\000r\000i\000t\000y\000\040\000R\000e\000g\000r\000e\000s\000s\000i\000o\000n\000\040\000M\000a\000t\000r\000i\000x}{chapter.7}% 125
\BOOKMARK [1][-]{section.7.9}{\376\377\0007\000.\0009\000\040\000C\000h\000a\000p\000t\000e\000r\000\040\000S\000u\000m\000m\000a\000r\000y}{chapter.7}% 126
\BOOKMARK [0][-]{chapter.8}{\376\377\0008\000\040\000L\000i\000m\000i\000t\000a\000t\000i\000o\000n\000s\000\040\000a\000n\000d\000\040\000F\000u\000t\000u\000r\000e\000\040\000S\000c\000o\000p\000e}{}% 127
\BOOKMARK [1][-]{section.8.1}{\376\377\0008\000.\0001\000\040\000C\000u\000r\000r\000e\000n\000t\000\040\000L\000i\000m\000i\000t\000a\000t\000i\000o\000n\000s}{chapter.8}% 128
\BOOKMARK [1][-]{section.8.2}{\376\377\0008\000.\0002\000\040\000F\000u\000t\000u\000r\000e\000\040\000S\000c\000o\000p\000e}{chapter.8}% 129
\BOOKMARK [1][-]{section.8.3}{\376\377\0008\000.\0003\000\040\000C\000h\000a\000p\000t\000e\000r\000\040\000S\000u\000m\000m\000a\000r\000y}{chapter.8}% 130
\BOOKMARK [0][-]{chapter.9}{\376\377\0009\000\040\000C\000o\000n\000c\000l\000u\000s\000i\000o\000n\000\040\000a\000n\000d\000\040\000R\000e\000f\000e\000r\000e\000n\000c\000e\000s}{}% 131
\BOOKMARK [1][-]{section.9.1}{\376\377\0009\000.\0001\000\040\000C\000o\000n\000c\000l\000u\000s\000i\000o\000n}{chapter.9}% 132
\BOOKMARK [1][-]{section.9.2}{\376\377\0009\000.\0002\000\040\000R\000e\000f\000e\000r\000e\000n\000c\000e\000s}{chapter.9}% 133
\BOOKMARK [0][-]{chapter.10}{\376\377\0001\0000\000\040\000A\000p\000p\000e\000n\000d\000i\000c\000e\000s}{}% 134
\BOOKMARK [1][-]{section.10.1}{\376\377\0001\0000\000.\0001\000\040\000A\000p\000p\000e\000n\000d\000i\000x\000\040\000A\000:\000\040\000A\000P\000I\000\040\000E\000n\000d\000p\000o\000i\000n\000t\000\040\000S\000n\000a\000p\000s\000h\000o\000t}{chapter.10}% 135
\BOOKMARK [1][-]{section.10.2}{\376\377\0001\0000\000.\0002\000\040\000A\000p\000p\000e\000n\000d\000i\000x\000\040\000B\000:\000\040\000E\000n\000v\000i\000r\000o\000n\000m\000e\000n\000t\000\040\000V\000a\000r\000i\000a\000b\000l\000e\000\040\000C\000a\000t\000a\000l\000o\000g}{chapter.10}% 136
\BOOKMARK [1][-]{section.10.3}{\376\377\0001\0000\000.\0003\000\040\000A\000p\000p\000e\000n\000d\000i\000x\000\040\000C\000:\000\040\000D\000e\000p\000a\000r\000t\000m\000e\000n\000t\000\040\000T\000a\000x\000o\000n\000o\000m\000y\000\040\000a\000n\000d\000\040\000A\000u\000t\000h\000o\000r\000i\000t\000y\000\040\000R\000o\000u\000t\000i\000n\000g}{chapter.10}% 137
\BOOKMARK [1][-]{section.10.4}{\376\377\0001\0000\000.\0004\000\040\000A\000p\000p\000e\000n\000d\000i\000x\000\040\000D\000:\000\040\000R\000e\000q\000u\000i\000r\000e\000m\000e\000n\000t\000-\000t\000o\000-\000T\000e\000s\000t\000\040\000T\000r\000a\000c\000e\000a\000b\000i\000l\000i\000t\000y\000\040\000M\000a\000t\000r\000i\000x}{chapter.10}% 138
